  CTRL_Thread.c
D:\workspace\C\CPU\CTRL_Thread.c(5,8): error C2065: “testA”: 未声明的标识符
  main.c
D:\workspace\C\CPU\main.c(25,3): warning C4013: “exit”未定义；假设外部返回 int
D:\workspace\C\CPU\main.c(34,52): error C2065: “TEST_Thread”: 未声明的标识符
D:\workspace\C\CPU\main.c(34,41): warning C4022: “pthread_create”: 指针与实参 3 不匹配
  正在生成代码...
